This is pdfTeX, Version 3.141592653-2.6-1.40.26 (TeX Live 2024) (preloaded format=pdflatex 2024.3.17)  8 JAN 2025 16:06
entering extended mode
 restricted \write18 enabled.
 %&-line parsing enabled.
**"A dual branch multi-scale image dehazing method based on high quality codebo
ok.tex"

(./A dual branch multi-scale image dehazing method based on high quality codebo
ok.tex
LaTeX2e <2023-11-01> patch level 1
L3 programming layer <2024-02-20>
(c:/Programs/texlive/2024/texmf-dist/tex/latex/ieeetran/IEEEtran.cls
Document Class: IEEEtran 2015/08/26 V1.8b by Michael Shell
-- See the "IEEEtran_HOWTO" manual for usage information.
-- http://www.michaelshell.org/tex/ieeetran/
\@IEEEtrantmpdimenA=\dimen140
\@IEEEtrantmpdimenB=\dimen141
\@IEEEtrantmpdimenC=\dimen142
\@IEEEtrantmpcountA=\count188
\@IEEEtrantmpcountB=\count189
\@IEEEtrantmpcountC=\count190
\@IEEEtrantmptoksA=\toks17
LaTeX Font Info:    Trying to load font information for OT1+ptm on input line 5
03.
(c:/Programs/texlive/2024/texmf-dist/tex/latex/psnfss/ot1ptm.fd
File: ot1ptm.fd 2001/06/04 font definitions for OT1/ptm.
)
-- Using 8.5in x 11in (letter) paper.
-- Using PDF output.
\@IEEEnormalsizeunitybaselineskip=\dimen143
-- This is a 10 point document.
\CLASSINFOnormalsizebaselineskip=\dimen144
\CLASSINFOnormalsizeunitybaselineskip=\dimen145
\IEEEnormaljot=\dimen146
LaTeX Font Info:    Font shape `OT1/ptm/bx/n' in size <5> not available
(Font)              Font shape `OT1/ptm/b/n' tried instead on input line 1090.
LaTeX Font Info:    Font shape `OT1/ptm/bx/it' in size <5> not available
(Font)              Font shape `OT1/ptm/b/it' tried instead on input line 1090.

LaTeX Font Info:    Font shape `OT1/ptm/bx/n' in size <7> not available
(Font)              Font shape `OT1/ptm/b/n' tried instead on input line 1090.
LaTeX Font Info:    Font shape `OT1/ptm/bx/it' in size <7> not available
(Font)              Font shape `OT1/ptm/b/it' tried instead on input line 1090.

LaTeX Font Info:    Font shape `OT1/ptm/bx/n' in size <8> not available
(Font)              Font shape `OT1/ptm/b/n' tried instead on input line 1090.
LaTeX Font Info:    Font shape `OT1/ptm/bx/it' in size <8> not available
(Font)              Font shape `OT1/ptm/b/it' tried instead on input line 1090.

LaTeX Font Info:    Font shape `OT1/ptm/bx/n' in size <9> not available
(Font)              Font shape `OT1/ptm/b/n' tried instead on input line 1090.
LaTeX Font Info:    Font shape `OT1/ptm/bx/it' in size <9> not available
(Font)              Font shape `OT1/ptm/b/it' tried instead on input line 1090.

LaTeX Font Info:    Font shape `OT1/ptm/bx/n' in size <10> not available
(Font)              Font shape `OT1/ptm/b/n' tried instead on input line 1090.
LaTeX Font Info:    Font shape `OT1/ptm/bx/it' in size <10> not available
(Font)              Font shape `OT1/ptm/b/it' tried instead on input line 1090.

LaTeX Font Info:    Font shape `OT1/ptm/bx/n' in size <11> not available
(Font)              Font shape `OT1/ptm/b/n' tried instead on input line 1090.
LaTeX Font Info:    Font shape `OT1/ptm/bx/it' in size <11> not available
(Font)              Font shape `OT1/ptm/b/it' tried instead on input line 1090.

LaTeX Font Info:    Font shape `OT1/ptm/bx/n' in size <12> not available
(Font)              Font shape `OT1/ptm/b/n' tried instead on input line 1090.
LaTeX Font Info:    Font shape `OT1/ptm/bx/it' in size <12> not available
(Font)              Font shape `OT1/ptm/b/it' tried instead on input line 1090.

LaTeX Font Info:    Font shape `OT1/ptm/bx/n' in size <17> not available
(Font)              Font shape `OT1/ptm/b/n' tried instead on input line 1090.
LaTeX Font Info:    Font shape `OT1/ptm/bx/it' in size <17> not available
(Font)              Font shape `OT1/ptm/b/it' tried instead on input line 1090.

LaTeX Font Info:    Font shape `OT1/ptm/bx/n' in size <20> not available
(Font)              Font shape `OT1/ptm/b/n' tried instead on input line 1090.
LaTeX Font Info:    Font shape `OT1/ptm/bx/it' in size <20> not available
(Font)              Font shape `OT1/ptm/b/it' tried instead on input line 1090.

LaTeX Font Info:    Font shape `OT1/ptm/bx/n' in size <24> not available
(Font)              Font shape `OT1/ptm/b/n' tried instead on input line 1090.
LaTeX Font Info:    Font shape `OT1/ptm/bx/it' in size <24> not available
(Font)              Font shape `OT1/ptm/b/it' tried instead on input line 1090.

\IEEEquantizedlength=\dimen147
\IEEEquantizedlengthdiff=\dimen148
\IEEEquantizedtextheightdiff=\dimen149
\IEEEilabelindentA=\dimen150
\IEEEilabelindentB=\dimen151
\IEEEilabelindent=\dimen152
\IEEEelabelindent=\dimen153
\IEEEdlabelindent=\dimen154
\IEEElabelindent=\dimen155
\IEEEiednormlabelsep=\dimen156
\IEEEiedmathlabelsep=\dimen157
\IEEEiedtopsep=\skip48
\c@section=\count191
\c@subsection=\count192
\c@subsubsection=\count193
\c@paragraph=\count194
\c@IEEEsubequation=\count195
\abovecaptionskip=\skip49
\belowcaptionskip=\skip50
\c@figure=\count196
\c@table=\count197
\@IEEEeqnnumcols=\count198
\@IEEEeqncolcnt=\count199
\@IEEEsubeqnnumrollback=\count266
\@IEEEquantizeheightA=\dimen158
\@IEEEquantizeheightB=\dimen159
\@IEEEquantizeheightC=\dimen160
\@IEEEquantizeprevdepth=\dimen161
\@IEEEquantizemultiple=\count267
\@IEEEquantizeboxA=\box51
\@IEEEtmpitemindent=\dimen162
\IEEEPARstartletwidth=\dimen163
\c@IEEEbiography=\count268
\@IEEEtranrubishbin=\box52
) (c:/Programs/texlive/2024/texmf-dist/tex/latex/amsmath/amsmath.sty
Package: amsmath 2023/05/13 v2.17o AMS math features
\@mathmargin=\skip51

For additional information on amsmath, use the `?' option.
(c:/Programs/texlive/2024/texmf-dist/tex/latex/amsmath/amstext.sty
Package: amstext 2021/08/26 v2.01 AMS text

(c:/Programs/texlive/2024/texmf-dist/tex/latex/amsmath/amsgen.sty
File: amsgen.sty 1999/11/30 v2.0 generic functions
\@emptytoks=\toks18
\ex@=\dimen164
))
(c:/Programs/texlive/2024/texmf-dist/tex/latex/amsmath/amsbsy.sty
Package: amsbsy 1999/11/29 v1.2d Bold Symbols
\pmbraise@=\dimen165
)
(c:/Programs/texlive/2024/texmf-dist/tex/latex/amsmath/amsopn.sty
Package: amsopn 2022/04/08 v2.04 operator names
)
\inf@bad=\count269
LaTeX Info: Redefining \frac on input line 234.
\uproot@=\count270
\leftroot@=\count271
LaTeX Info: Redefining \overline on input line 399.
LaTeX Info: Redefining \colon on input line 410.
\classnum@=\count272
\DOTSCASE@=\count273
LaTeX Info: Redefining \ldots on input line 496.
LaTeX Info: Redefining \dots on input line 499.
LaTeX Info: Redefining \cdots on input line 620.
\Mathstrutbox@=\box53
\strutbox@=\box54
LaTeX Info: Redefining \big on input line 722.
LaTeX Info: Redefining \Big on input line 723.
LaTeX Info: Redefining \bigg on input line 724.
LaTeX Info: Redefining \Bigg on input line 725.
\big@size=\dimen166
LaTeX Font Info:    Redeclaring font encoding OML on input line 743.
LaTeX Font Info:    Redeclaring font encoding OMS on input line 744.
\macc@depth=\count274
LaTeX Info: Redefining \bmod on input line 905.
LaTeX Info: Redefining \pmod on input line 910.
LaTeX Info: Redefining \smash on input line 940.
LaTeX Info: Redefining \relbar on input line 970.
LaTeX Info: Redefining \Relbar on input line 971.
\c@MaxMatrixCols=\count275
\dotsspace@=\muskip16
\c@parentequation=\count276
\dspbrk@lvl=\count277
\tag@help=\toks19
\row@=\count278
\column@=\count279
\maxfields@=\count280
\andhelp@=\toks20
\eqnshift@=\dimen167
\alignsep@=\dimen168
\tagshift@=\dimen169
\tagwidth@=\dimen170
\totwidth@=\dimen171
\lineht@=\dimen172
\@envbody=\toks21
\multlinegap=\skip52
\multlinetaggap=\skip53
\mathdisplay@stack=\toks22
LaTeX Info: Redefining \[ on input line 2953.
LaTeX Info: Redefining \] on input line 2954.
)
(c:/Programs/texlive/2024/texmf-dist/tex/latex/amsfonts/amsfonts.sty
Package: amsfonts 2013/01/14 v3.01 Basic AMSFonts support
\symAMSa=\mathgroup4
\symAMSb=\mathgroup5
LaTeX Font Info:    Redeclaring math symbol \hbar on input line 98.
LaTeX Font Info:    Overwriting math alphabet `\mathfrak' in version `bold'
(Font)                  U/euf/m/n --> U/euf/b/n on input line 106.
)
(c:/Programs/texlive/2024/texmf-dist/tex/latex/algorithms/algorithmic.sty
Package: algorithmic 2009/08/24 v0.1 Document Style `algorithmic'

(c:/Programs/texlive/2024/texmf-dist/tex/latex/base/ifthen.sty
Package: ifthen 2022/04/13 v1.1d Standard LaTeX ifthen package (DPC)
)
(c:/Programs/texlive/2024/texmf-dist/tex/latex/graphics/keyval.sty
Package: keyval 2022/05/29 v1.15 key=value parser (DPC)
\KV@toks@=\toks23
)
\c@ALC@unique=\count281
\c@ALC@line=\count282
\c@ALC@rem=\count283
\c@ALC@depth=\count284
\ALC@tlm=\skip54
\algorithmicindent=\skip55
)
(c:/Programs/texlive/2024/texmf-dist/tex/latex/tools/array.sty
Package: array 2023/10/16 v2.5g Tabular extension package (FMi)
\col@sep=\dimen173
\ar@mcellbox=\box55
\extrarowheight=\dimen174
\NC@list=\toks24
\extratabsurround=\skip56
\backup@length=\skip57
\ar@cellbox=\box56
)
(c:/Programs/texlive/2024/texmf-dist/tex/latex/subfig/subfig.sty
Package: subfig 2005/06/28 ver: 1.3 subfig package

(c:/Programs/texlive/2024/texmf-dist/tex/latex/caption/caption3.sty
Package: caption3 2023/07/31 v2.4d caption3 kernel (AR)
\caption@tempdima=\dimen175
\captionmargin=\dimen176
\caption@leftmargin=\dimen177
\caption@rightmargin=\dimen178
\caption@width=\dimen179
\caption@indent=\dimen180
\caption@parindent=\dimen181
\caption@hangindent=\dimen182
Package caption Info: Unknown document class (or package),
(caption)             standard defaults will be used.
Package caption Info: \@makecaption = \long macro:#1#2->\ifx \@captype \@IEEEta
blestring \footnotesize \bgroup \par \centering \@IEEEtabletopskipstrut {\norma
lfont \footnotesize #1}\\{\normalfont \footnotesize \scshape #2}\par \addvspace
 {0.5\baselineskip }\egroup \@IEEEtablecaptionsepspace \else \@IEEEfigurecaptio
nsepspace \setbox \@tempboxa \hbox {\normalfont \footnotesize {#1.}\nobreakspac
e \nobreakspace #2}\ifdim \wd \@tempboxa >\hsize \setbox \@tempboxa \hbox {\nor
malfont \footnotesize {#1.}\nobreakspace \nobreakspace }\parbox [t]{\hsize }{\n
ormalfont \footnotesize \noindent \unhbox \@tempboxa #2}\else \ifCLASSOPTIONcon
ference \hbox to\hsize {\normalfont \footnotesize \hfil \box \@tempboxa \hfil }
\else \hbox to\hsize {\normalfont \footnotesize \box \@tempboxa \hfil }\fi \fi 
\fi  on input line 1175.
)
\c@KVtest=\count285
\sf@farskip=\skip58
\sf@captopadj=\dimen183
\sf@capskip=\skip59
\sf@nearskip=\skip60
\c@subfigure=\count286
\c@subfigure@save=\count287
\c@lofdepth=\count288
\c@subtable=\count289
\c@subtable@save=\count290
\c@lotdepth=\count291
\sf@top=\skip61
\sf@bottom=\skip62
)
(c:/Programs/texlive/2024/texmf-dist/tex/latex/base/textcomp.sty
Package: textcomp 2020/02/02 v2.0n Standard LaTeX package
)
(c:/Programs/texlive/2024/texmf-dist/tex/latex/sttools/stfloats.sty
Package: stfloats 2017/03/27 v3.3 Improve float mechanism and baselineskip sett
ings
\@dblbotnum=\count292
\c@dblbotnumber=\count293
)
(c:/Programs/texlive/2024/texmf-dist/tex/latex/url/url.sty
\Urlmuskip=\muskip17
Package: url 2013/09/16  ver 3.4  Verb mode for urls, etc.
)
(c:/Programs/texlive/2024/texmf-dist/tex/latex/tools/verbatim.sty
Package: verbatim 2023-11-06 v1.5v LaTeX2e package for verbatim enhancements
\every@verbatim=\toks25
\verbatim@line=\toks26
\verbatim@in@stream=\read2
)
(c:/Programs/texlive/2024/texmf-dist/tex/latex/graphics/graphicx.sty
Package: graphicx 2021/09/16 v1.2d Enhanced LaTeX Graphics (DPC,SPQR)

(c:/Programs/texlive/2024/texmf-dist/tex/latex/graphics/graphics.sty
Package: graphics 2022/03/10 v1.4e Standard LaTeX Graphics (DPC,SPQR)

(c:/Programs/texlive/2024/texmf-dist/tex/latex/graphics/trig.sty
Package: trig 2021/08/11 v1.11 sin cos tan (DPC)
)
(c:/Programs/texlive/2024/texmf-dist/tex/latex/graphics-cfg/graphics.cfg
File: graphics.cfg 2016/06/04 v1.11 sample graphics configuration
)
Package graphics Info: Driver file: pdftex.def on input line 107.

(c:/Programs/texlive/2024/texmf-dist/tex/latex/graphics-def/pdftex.def
File: pdftex.def 2022/09/22 v1.2b Graphics/color driver for pdftex
))
\Gin@req@height=\dimen184
\Gin@req@width=\dimen185
)
(c:/Programs/texlive/2024/texmf-dist/tex/latex/multirow/multirow.sty
Package: multirow 2021/03/15 v2.8 Span multiple rows of a table
\multirow@colwidth=\skip63
\multirow@cntb=\count294
\multirow@dima=\skip64
\bigstrutjot=\dimen186
)
(c:/Programs/texlive/2024/texmf-dist/tex/latex/preprint/balance.sty
Package: balance 1999/02/23 4.3 (PWD)
\oldvsize=\dimen187
)
(c:/Programs/texlive/2024/texmf-dist/tex/latex/l3backend/l3backend-pdftex.def
File: l3backend-pdftex.def 2024-02-20 L3 backend support: PDF output (pdfTeX)
\l__color_backend_stack_int=\count295
\l__pdf_internal_box=\box57
)

LaTeX Warning: Unused global option(s):
    [lettersize].


(./A dual branch multi-scale image dehazing method based on high quality codebo
ok.aux)
\openout1 = `"A dual branch multi-scale image dehazing method based on high qua
lity codebook.aux"'.

LaTeX Font Info:    Checking defaults for OML/cmm/m/it on input line 16.
LaTeX Font Info:    ... okay on input line 16.
LaTeX Font Info:    Checking defaults for OMS/cmsy/m/n on input line 16.
LaTeX Font Info:    ... okay on input line 16.
LaTeX Font Info:    Checking defaults for OT1/cmr/m/n on input line 16.
LaTeX Font Info:    ... okay on input line 16.
LaTeX Font Info:    Checking defaults for T1/cmr/m/n on input line 16.
LaTeX Font Info:    ... okay on input line 16.
LaTeX Font Info:    Checking defaults for TS1/cmr/m/n on input line 16.
LaTeX Font Info:    ... okay on input line 16.
LaTeX Font Info:    Checking defaults for OMX/cmex/m/n on input line 16.
LaTeX Font Info:    ... okay on input line 16.
LaTeX Font Info:    Checking defaults for U/cmr/m/n on input line 16.
LaTeX Font Info:    ... okay on input line 16.

-- Lines per column: 58 (exact).
Package caption Info: Begin \AtBeginDocument code.
Package caption Info: subfig package v1.3 is loaded.
Package caption Info: End \AtBeginDocument code.
(c:/Programs/texlive/2024/texmf-dist/tex/context/base/mkii/supp-pdf.mkii
[Loading MPS to PDF converter (version 2006.09.02).]
\scratchcounter=\count296
\scratchdimen=\dimen188
\scratchbox=\box58
\nofMPsegments=\count297
\nofMParguments=\count298
\everyMPshowfont=\toks27
\MPscratchCnt=\count299
\MPscratchDim=\dimen189
\MPnumerator=\count300
\makeMPintoPDFobject=\count301
\everyMPtoPDFconversion=\toks28
) (c:/Programs/texlive/2024/texmf-dist/tex/latex/epstopdf-pkg/epstopdf-base.sty
Package: epstopdf-base 2020-01-24 v2.11 Base part for package epstopdf
Package epstopdf-base Info: Redefining graphics rule for `.eps' on input line 4
85.
(c:/Programs/texlive/2024/texmf-dist/tex/latex/latexconfig/epstopdf-sys.cfg
File: epstopdf-sys.cfg 2010/07/13 v1.3 Configuration of (r)epstopdf for TeX Liv
e
))
LaTeX Font Info:    Trying to load font information for U+msa on input line 43.


(c:/Programs/texlive/2024/texmf-dist/tex/latex/amsfonts/umsa.fd
File: umsa.fd 2013/01/14 v3.01 AMS symbols A
)
LaTeX Font Info:    Trying to load font information for U+msb on input line 43.


(c:/Programs/texlive/2024/texmf-dist/tex/latex/amsfonts/umsb.fd
File: umsb.fd 2013/01/14 v3.01 AMS symbols B
) [1{c:/Programs/texlive/2024/texmf-var/fonts/map/pdftex/updmap/pdftex.map}{c:/
Programs/texlive/2024/texmf-dist/fonts/enc/dvips/base/8r.enc}


]
<network_architecture.png, id=15, 1251.17438pt x 813.0375pt>
File: network_architecture.png Graphic file (type png)
<use network_architecture.png>
Package pdftex.def Info: network_architecture.png  used on input line 68.
(pdftex.def)             Requested size: 505.89pt x 328.73253pt.

Underfull \vbox (badness 6758) has occurred while \output is active []

 [2 <./network_architecture.png>]
<discretization_operation.png, id=21, 609.40172pt x 208.90547pt>
File: discretization_operation.png Graphic file (type png)
<use discretization_operation.png>
Package pdftex.def Info: discretization_operation.png  used on input line 88.
(pdftex.def)             Requested size: 252.94499pt x 86.71008pt.

Overfull \hbox (0.94499pt too wide) in paragraph at lines 88--89
 [][] 
 []

[3 <./discretization_operation.png>]
<enhanced_decoder.png, id=29, 730.22812pt x 561.97453pt>
File: enhanced_decoder.png Graphic file (type png)
<use enhanced_decoder.png>
Package pdftex.def Info: enhanced_decoder.png  used on input line 164.
(pdftex.def)             Requested size: 252.94499pt x 194.66174pt.

Overfull \hbox (0.94499pt too wide) in paragraph at lines 164--165
 [][] 
 []

<enhancer_block.png, id=30, 1167.23578pt x 535.6261pt>
File: enhancer_block.png Graphic file (type png)
<use enhancer_block.png>
Package pdftex.def Info: enhancer_block.png  used on input line 170.
(pdftex.def)             Requested size: 252.94499pt x 116.07274pt.

Overfull \hbox (0.94499pt too wide) in paragraph at lines 170--171
 [][] 
 []

[4]
<O-HAZE-compare.jpg, id=34, 1927.2pt x 858.20625pt>
File: O-HAZE-compare.jpg Graphic file (type jpg)
<use O-HAZE-compare.jpg>
Package pdftex.def Info: O-HAZE-compare.jpg  used on input line 187.
(pdftex.def)             Requested size: 505.89pt x 225.27597pt.
<DENSE-HAZE-compare.jpg, id=35, 1927.2pt x 703.62875pt>
File: DENSE-HAZE-compare.jpg Graphic file (type jpg)
<use DENSE-HAZE-compare.jpg>
Package pdftex.def Info: DENSE-HAZE-compare.jpg  used on input line 194.
(pdftex.def)             Requested size: 505.89pt x 184.69994pt.
<NH-HAZE-20-compare.jpg, id=36, 1927.2pt x 959.585pt>
File: NH-HAZE-20-compare.jpg Graphic file (type jpg)
<use NH-HAZE-20-compare.jpg>
Package pdftex.def Info: NH-HAZE-20-compare.jpg  used on input line 201.
(pdftex.def)             Requested size: 505.89pt x 251.88751pt.
<NH-HAZE-21-compare.jpg, id=37, 1927.2pt x 712.6625pt>
File: NH-HAZE-21-compare.jpg Graphic file (type jpg)
<use NH-HAZE-21-compare.jpg>
Package pdftex.def Info: NH-HAZE-21-compare.jpg  used on input line 208.
(pdftex.def)             Requested size: 505.89pt x 187.07127pt.
<NH-HAZE-23-compare.jpg, id=38, 1927.2pt x 876.27374pt>
File: NH-HAZE-23-compare.jpg Graphic file (type jpg)
<use NH-HAZE-23-compare.jpg>
Package pdftex.def Info: NH-HAZE-23-compare.jpg  used on input line 215.
(pdftex.def)             Requested size: 505.89pt x 230.01862pt.
 [5 <./enhanced_decoder.png> <./enhancer_block.png>]
Underfull \hbox (badness 1546) in paragraph at lines 345--346
[]\OT1/ptm/m/n/10 To val-i-date the ef-fec-tive-ness of our pro-posed model,
 []


Underfull \hbox (badness 1377) in paragraph at lines 345--346
\OT1/ptm/m/n/10 we con-ducted ex-per-i-ments on four datasets, namely O-
 []

[6 <./O-HAZE-Compare.jpg> <./DENSE-HAZE-Compare.jpg>]
Underfull \vbox (badness 10000) has occurred while \output is active []

LaTeX Font Info:    Trying to load font information for TS1+ptm on input line 3
61.

(c:/Programs/texlive/2024/texmf-dist/tex/latex/psnfss/ts1ptm.fd
File: ts1ptm.fd 2001/06/04 font definitions for TS1/ptm.
)
Underfull \vbox (badness 10000) has occurred while \output is active []

 [7 <./NH-HAZE-20-Compare.jpg> <./NH-HAZE-21-Compare.jpg>]
Underfull \vbox (badness 10000) has occurred while \output is active []

 [8 <./NH-HAZE-23-Compare.jpg>]
Underfull \hbox (badness 1354) in paragraph at lines 389--390
[]\OT1/ptm/m/n/10 1) Base: Con-sists of VQ En-coder, VQ De-coder and
 []

<ablation_experiments.png, id=54, 577.7836pt x 430.98515pt>
File: ablation_experiments.png Graphic file (type png)
<use ablation_experiments.png>
Package pdftex.def Info: ablation_experiments.png  used on input line 401.
(pdftex.def)             Requested size: 252.94499pt x 188.6739pt.

Overfull \hbox (0.94499pt too wide) in paragraph at lines 401--402
 [][] 
 []

[9 <./ablation_experiments.png>]
(./A dual branch multi-scale image dehazing method based on high quality codebo
ok.bbl [10]) [11

]
(./A dual branch multi-scale image dehazing method based on high quality codebo
ok.aux)
 ***********
LaTeX2e <2023-11-01> patch level 1
L3 programming layer <2024-02-20>
 ***********
 ) 
Here is how much of TeX's memory you used:
 4727 strings out of 474116
 84786 string characters out of 5743190
 1959190 words of memory out of 5000000
 27022 multiletter control sequences out of 15000+600000
 604062 words of font info for 118 fonts, out of 8000000 for 9000
 1145 hyphenation exceptions out of 8191
 57i,16n,65p,1858b,332s stack positions out of 10000i,1000n,20000p,200000b,200000s
<c:/Programs/texlive/2024/texmf-dist/fonts/type1/public/amsfonts/cm/cmex10.pf
b><c:/Programs/texlive/2024/texmf-dist/fonts/type1/public/amsfonts/cm/cmmi10.pf
b><c:/Programs/texlive/2024/texmf-dist/fonts/type1/public/amsfonts/cm/cmmi5.pfb
><c:/Programs/texlive/2024/texmf-dist/fonts/type1/public/amsfonts/cm/cmmi7.pfb>
<c:/Programs/texlive/2024/texmf-dist/fonts/type1/public/amsfonts/cm/cmr10.pfb><
c:/Programs/texlive/2024/texmf-dist/fonts/type1/public/amsfonts/cm/cmr7.pfb><c:
/Programs/texlive/2024/texmf-dist/fonts/type1/public/amsfonts/cm/cmsy10.pfb><c:
/Programs/texlive/2024/texmf-dist/fonts/type1/public/amsfonts/cm/cmsy7.pfb><c:/
Programs/texlive/2024/texmf-dist/fonts/type1/urw/times/utmb8a.pfb><c:/Programs/
texlive/2024/texmf-dist/fonts/type1/urw/times/utmbi8a.pfb><c:/Programs/texlive/
2024/texmf-dist/fonts/type1/urw/times/utmr8a.pfb><c:/Programs/texlive/2024/texm
f-dist/fonts/type1/urw/times/utmri8a.pfb>
Output written on "A dual branch multi-scale image dehazing method based on hig
h quality codebook.pdf" (11 pages, 3575902 bytes).
PDF statistics:
 117 PDF objects out of 1000 (max. 8388607)
 64 compressed objects within 1 object stream
 0 named destinations out of 1000 (max. 500000)
 51 words of extra memory for PDF output out of 10000 (max. 10000000)

